SF:lib/data/data_sources/mock_data_source.dart
DA:7,3
DA:9,3
DA:10,2
DA:12,3
DA:14,3
DA:19,3
LF:6
LH:6
end_of_record
SF:lib/data/repositories/http_alias_repository.dart
DA:8,3
DA:11,3
DA:13,6
DA:14,3
LF:4
LH:4
end_of_record
SF:lib/domain/exceptions/request_exception.dart
DA:5,2
LF:1
LH:1
end_of_record
SF:lib/domain/entities/alias.dart
DA:14,0
DA:16,4
DA:17,4
DA:18,8
DA:19,4
LF:5
LH:4
end_of_record
SF:lib/domain/entities/alias_link.dart
DA:10,0
DA:12,4
DA:13,4
DA:14,4
LF:4
LH:3
end_of_record
SF:lib/domain/exceptions/general_exception.dart
DA:3,2
DA:5,0
DA:7,0
DA:8,0
LF:4
LH:1
end_of_record
SF:lib/presentation/urls_list/cubit/urls_list_cubit.dart
DA:10,2
DA:12,2
DA:14,2
DA:15,6
DA:17,4
DA:18,4
DA:19,4
DA:20,0
DA:21,6
LF:9
LH:8
end_of_record
SF:lib/presentation/urls_list/cubit/urls_list_state.dart
DA:10,6
DA:12,0
DA:13,0
DA:16,2
DA:17,6
LF:5
LH:3
end_of_record
SF:lib/data/data_sources/http_data_source.dart
DA:8,0
DA:12,0
DA:13,0
DA:19,0
DA:21,0
DA:22,0
DA:23,0
DA:24,0
DA:25,0
DA:27,0
LF:10
LH:0
end_of_record
SF:lib/data/services/http_service.dart
DA:8,0
DA:10,0
DA:12,0
DA:13,0
DA:16,0
DA:17,0
DA:18,0
DA:21,0
DA:23,0
DA:24,0
DA:27,0
DA:28,0
DA:29,0
LF:13
LH:0
end_of_record
SF:lib/domain/extensions/string_extensions.dart
DA:2,2
DA:3,2
DA:4,2
LF:3
LH:3
end_of_record
SF:lib/domain/repositories/repository_factory.dart
DA:10,1
DA:11,2
DA:15,0
DA:16,0
DA:17,0
DA:19,0
DA:22,0
DA:24,0
DA:26,0
DA:27,0
DA:30,0
DA:31,0
LF:12
LH:2
end_of_record
SF:lib/presentation/recent_urls_list/view/recent_urls_list.dart
DA:10,1
DA:13,1
DA:15,1
DA:16,1
DA:17,2
DA:18,2
DA:21,1
DA:22,1
DA:23,1
DA:25,2
DA:26,0
DA:29,1
DA:30,2
DA:31,4
DA:32,0
DA:33,0
DA:35,0
DA:38,0
DA:39,0
DA:41,0
DA:43,0
DA:45,0
DA:47,0
DA:48,0
DA:49,0
DA:50,0
DA:61,0
DA:66,0
DA:68,0
DA:70,0
DA:72,0
DA:73,0
DA:74,0
DA:75,0
DA:77,0
DA:78,0
DA:79,0
DA:80,0
DA:83,0
DA:90,0
DA:92,0
DA:93,0
LF:42
LH:13
end_of_record
SF:lib/presentation/url_form/views/url_form.dart
DA:11,1
DA:15,1
DA:16,1
DA:49,1
DA:50,3
DA:53,1
DA:55,1
DA:56,1
DA:60,1
DA:61,3
DA:62,2
DA:63,1
DA:67,2
DA:70,1
DA:74,1
DA:76,2
DA:77,2
DA:78,1
DA:82,1
DA:83,3
DA:84,2
DA:85,2
DA:86,1
DA:87,2
DA:88,2
DA:90,2
DA:91,2
DA:96,1
DA:97,2
DA:100,2
DA:101,2
DA:102,1
DA:104,4
DA:105,2
DA:106,1
DA:110,1
DA:112,1
DA:113,1
DA:114,1
DA:115,1
DA:118,1
DA:119,1
DA:120,1
DA:121,1
DA:122,1
DA:130,1
DA:131,1
DA:132,1
DA:133,1
DA:134,1
DA:135,4
DA:136,4
DA:137,3
DA:142,1
DA:143,1
DA:144,1
DA:145,1
DA:147,1
DA:148,1
DA:149,1
DA:150,1
DA:157,2
DA:158,1
DA:160,1
DA:161,1
DA:162,2
DA:163,1
DA:169,1
DA:170,2
DA:171,2
DA:180,1
DA:181,1
DA:184,1
DA:185,0
DA:186,0
DA:187,0
DA:190,0
DA:197,1
DA:198,1
DA:200,1
DA:202,0
DA:203,0
DA:205,0
DA:206,0
DA:207,0
DA:208,0
DA:212,1
DA:213,1
DA:217,1
DA:218,4
DA:219,2
DA:220,0
DA:222,2
DA:226,1
DA:227,1
DA:228,2
DA:229,1
DA:231,3
DA:237,1
DA:238,1
DA:239,1
DA:240,1
DA:241,1
DA:242,3
DA:243,1
DA:244,5
DA:249,1
DA:250,1
DA:251,1
DA:252,3
DA:257,1
DA:259,1
DA:260,3
DA:268,1
DA:269,1
DA:270,1
DA:271,1
DA:273,1
DA:274,1
DA:275,1
DA:280,1
DA:281,1
DA:284,1
DA:285,1
LF:124
LH:113
end_of_record
SF:lib/presentation/url_form/views/url_form_button.dart
DA:8,1
DA:15,1
DA:17,1
DA:20,1
DA:21,1
DA:22,1
DA:26,1
DA:27,1
DA:28,1
DA:30,1
LF:10
LH:10
end_of_record
SF:lib/presentation/urls_list/view/urls_list_view.dart
DA:10,1
DA:12,1
DA:14,1
DA:15,1
DA:16,1
DA:17,1
DA:18,1
DA:21,1
DA:22,1
DA:23,1
DA:24,1
DA:27,1
DA:32,1
DA:33,1
DA:37,2
LF:15
LH:15
end_of_record
