SF:lib/data/data_sources/mock_data_source.dart
DA:7,1
DA:9,1
DA:10,1
DA:12,1
DA:14,1
DA:19,1
LF:6
LH:6
end_of_record
SF:lib/data/repositories/http_alias_repository.dart
DA:8,1
DA:11,1
DA:13,2
DA:14,1
LF:4
LH:4
end_of_record
SF:lib/domain/exceptions/request_exception.dart
DA:5,1
LF:1
LH:1
end_of_record
SF:lib/domain/entities/alias.dart
DA:13,2
DA:14,2
DA:15,4
DA:16,2
LF:4
LH:4
end_of_record
SF:lib/domain/entities/alias_link.dart
DA:10,2
DA:11,2
DA:12,2
LF:3
LH:3
end_of_record
SF:lib/domain/exceptions/general_exception.dart
DA:3,1
DA:5,0
DA:7,0
DA:8,0
LF:4
LH:1
end_of_record
SF:lib/domain/extensions/string_extensions.dart
DA:2,1
DA:3,1
DA:4,1
LF:3
LH:3
end_of_record
